<?xml version="1.0" encoding="UTF-8"?>
<!-- Generated by org.testng.reporters.JUnitReportReporter -->
<testsuite hostname="LAPTOP-GI0RDT4H" failures="0" tests="1" name="expertron.Videobot" time="0.144" errors="0" timestamp="27 Nov 2020 03:36:43 GMT" skipped="0">
  <testcase classname="expertron.Videobot" name="bot" time="0.144"/>
</testsuite> <!-- expertron.Videobot -->
