<?xml version="1.0" encoding="UTF-8"?>
<!-- Generated by org.testng.reporters.JUnitReportReporter -->
<testsuite hostname="LAPTOP-GI0RDT4H" failures="0" tests="1" name="expertron.Faq" time="7.382" errors="0" timestamp="27 Nov 2020 02:33:11 GMT" skipped="0">
  <testcase classname="expertron.Faq" name="FaqCheck" time="7.382"/>
</testsuite> <!-- expertron.Faq -->
